[2023-03-02 08:55:35Z INFO HostContext] No proxy settings were found based on environmental variables (http_proxy/https_proxy/HTTP_PROXY/HTTPS_PROXY)
[2023-03-02 08:55:35Z INFO HostContext] Well known directory 'Bin': 'C:\Users\hkam\build_display\actions-runner\bin'
[2023-03-02 08:55:35Z INFO HostContext] Well known directory 'Root': 'C:\Users\hkam\build_display\actions-runner'
[2023-03-02 08:55:35Z INFO HostContext] Well known config file 'Credentials': 'C:\Users\hkam\build_display\actions-runner\.credentials'
[2023-03-02 08:55:35Z INFO HostContext] Well known directory 'Bin': 'C:\Users\hkam\build_display\actions-runner\bin'
[2023-03-02 08:55:35Z INFO HostContext] Well known directory 'Root': 'C:\Users\hkam\build_display\actions-runner'
[2023-03-02 08:55:35Z INFO HostContext] Well known config file 'Runner': 'C:\Users\hkam\build_display\actions-runner\.runner'
[2023-03-02 08:55:35Z INFO Worker] Version: 2.301.1
[2023-03-02 08:55:35Z INFO Worker] Commit: f764f5dfa75a74600ef491599be8d4fea33ccdaf
[2023-03-02 08:55:35Z INFO Worker] Culture: en-IN
[2023-03-02 08:55:35Z INFO Worker] UI Culture: en-US
[2023-03-02 08:55:35Z INFO Worker] Waiting to receive the job message from the channel.
[2023-03-02 08:55:35Z INFO ProcessChannel] Receiving message of length 20195, with hash '9ff1a7c7e3c271b5e5c825fb8f5cab9e4f1f8f72e568a8a8f248f2bed4cd1141'
[2023-03-02 08:55:35Z INFO Worker] Message received.
[2023-03-02 08:55:35Z INFO Worker] Job message:
 {
  "fileTable": [
    ".github/workflows/main.yml"
  ],
  "mask": [
    {
      "type": "regex",
      "value": "***"
    },
    {
      "type": "regex",
      "value": "***"
    },
    {
      "type": "regex",
      "value": "***"
    },
    {
      "type": "regex",
      "value": "***"
    },
    {
      "type": "regex",
      "value": "***"
    },
    {
      "type": "regex",
      "value": "***"
    },
    {
      "type": "regex",
      "value": "***"
    },
    {
      "type": "regex",
      "value": "***"
    },
    {
      "type": "regex",
      "value": "***"
    },
    {
      "type": "regex",
      "value": "***"
    }
  ],
  "steps": [
    {
      "type": "action",
      "reference": {
        "type": "script"
      },
      "displayNameToken": {
        "type": 0,
        "file": 1,
        "line": 27,
        "col": 15,
        "lit": "Generate file with timestamp"
      },
      "contextName": "__run",
      "inputs": {
        "type": 2,
        "map": [
          {
            "key": "script",
            "value": {
              "type": 0,
              "file": 1,
              "line": 28,
              "col": 14,
              "lit": "$content = \"Timestamp: $(Get-Date)\"\nSet-Content -Path timestamp.txt -Value $content\n"
            }
          }
        ]
      },
      "condition": "success()",
      "id": "cf3c6f5b-f447-52dd-ca42-c8179236c374",
      "name": "__run"
    },
    {
      "type": "action",
      "reference": {
        "type": "repository",
        "name": "actions/upload-artifact",
        "ref": "v2",
        "repositoryType": "GitHub",
        "path": ""
      },
      "displayNameToken": {
        "type": 0,
        "file": 1,
        "line": 33,
        "col": 15,
        "lit": "Upload artifact"
      },
      "contextName": "__actions_upload-artifact",
      "inputs": {
        "type": 2,
        "file": 1,
        "line": 36,
        "col": 11,
        "map": [
          {
            "key": {
              "type": 0,
              "file": 1,
              "line": 36,
              "col": 11,
              "lit": "name"
            },
            "value": {
              "type": 0,
              "file": 1,
              "line": 36,
              "col": 17,
              "lit": "timestamp-report"
            }
          },
          {
            "key": {
              "type": 0,
              "file": 1,
              "line": 37,
              "col": 11,
              "lit": "path"
            },
            "value": {
              "type": 0,
              "file": 1,
              "line": 37,
              "col": 17,
              "lit": "src/timestamp.txt"
            }
          }
        ]
      },
      "condition": "success()",
      "id": "03601c75-e45f-5c1e-e78c-fdb2f450b03e",
      "name": "__actions_upload-artifact"
    }
  ],
  "variables": {
    "system.isScheduled": {
      "value": "False"
    },
    "system.servertype": {
      "value": "Hosted"
    },
    "system.culture": {
      "value": "en-US"
    },
    "system.pipelineStartTime": {
      "value": "2023-03-02 08:55:31+00:00"
    },
    "system.runner.lowdiskspacethreshold": {
      "value": "100"
    },
    "DistributedTask.NewActionMetadata": {
      "value": "true"
    },
    "DistributedTask.EnableCompositeActions": {
      "value": "true"
    },
    "DistributedTask.EnhancedAnnotations": {
      "value": "true"
    },
    "DistributedTask.UploadStepSummary": {
      "value": "true"
    },
    "DistributedTask.AddWarningToNode12Action": {
      "value": "true"
    },
    "DistributedTask.AllowRunnerContainerHooks": {
      "value": "true"
    },
    "DistributedTask.DeprecateStepOutputCommands": {
      "value": "true"
    },
    "system.teamProjectId": {
      "value": "00000000-0000-0000-0000-000000000000"
    },
    "build.buildId": {
      "value": "14"
    },
    "build.containerId": {
      "value": "13986821"
    },
    "system.workflowFilePath": {
      "value": ".github/workflows/main.yml"
    },
    "system.phaseDisplayName": {
      "value": "new_job"
    },
    "system.phaseId": {
      "value": "960c3950-5065-568e-9c61-14d1bac7e9dd"
    },
    "system.phaseName": {
      "value": "new_job"
    },
    "system.phaseAttempt": {
      "value": "1"
    },
    "system.jobIdentifier": {
      "value": "new_job.__default"
    },
    "system.jobAttempt": {
      "value": "1"
    },
    "System.JobPositionInPhase": {
      "value": "1"
    },
    "System.TotalJobsInPhase": {
      "value": "1"
    },
    "system.github.job": {
      "value": "new_job"
    },
    "system.jobDisplayName": {
      "value": "new_job"
    },
    "system.jobId": {
      "value": "24e7ee36-8e59-5ffc-471a-a16683a727d4"
    },
    "system.jobName": {
      "value": "__default"
    },
    "system.github.token.permissions": {
      "value": "{\"Contents\":\"read\",\"Metadata\":\"read\",\"Packages\":\"read\"}"
    },
    "system.github.token": {
      "value": "***",
      "isSecret": true
    },
    "system.runnerGroupName": {
      "value": "Default"
    },
    "system.github.results_endpoint": {
      "value": "https://actions-results-receiver-production.githubapp.com"
    }
  },
  "messageType": "PipelineAgentJobRequest",
  "plan": {
    "scopeIdentifier": "00000000-0000-0000-0000-000000000000",
    "planType": "Actions",
    "version": 27,
    "planId": "c4982d6d-0585-4386-a909-f7274ae0d3ba",
    "planGroup": "Actions:00000000-0000-0000-0000-000000000000:1",
    "artifactUri": "vstfs:///Build/Build/14",
    "artifactLocation": null,
    "definition": {
      "_links": {},
      "id": 3,
      "name": "dynamic_readme"
    },
    "owner": {
      "_links": {},
      "id": 3,
      "name": "Harshini-24-IT"
    }
  },
  "timeline": {
    "id": "c4982d6d-0585-4386-a909-f7274ae0d3ba",
    "changeId": 0,
    "location": null
  },
  "jobId": "24e7ee36-8e59-5ffc-471a-a16683a727d4",
  "jobDisplayName": "new_job",
  "jobName": "__default",
  "requestId": 18,
  "lockedUntil": "0001-01-01T00:00:00",
  "resources": {
    "endpoints": [
      {
        "data": {
          "ServerId": "b014600d-356f-463e-8c69-3b124a3f34f1",
          "ServerName": "k8FlMP1p02qkIxGNFzRRrSGh1h5DRc0fiH6ki7XOCnQH3olN7u",
          "CacheServerUrl": "https://artifactcache.actions.githubusercontent.com/k8FlMP1p02qkIxGNFzRRrSGh1h5DRc0fiH6ki7XOCnQH3olN7u/",
          "FeedStreamUrl": "https://pipelines.actions.githubusercontent.com/k8FlMP1p02qkIxGNFzRRrSGh1h5DRc0fiH6ki7XOCnQH3olN7u/00000000-0000-0000-0000-000000000000/_apis/distributedtask/hubs/Actions/plans/c4982d6d-0585-4386-a909-f7274ae0d3ba/timelines/c4982d6d-0585-4386-a909-f7274ae0d3ba/records/24e7ee36-8e59-5ffc-471a-a16683a727d4/feedstream?api-version=6.0-preview"
        },
        "name": "SystemVssConnection",
        "url": "https://pipelines.actions.githubusercontent.com/k8FlMP1p02qkIxGNFzRRrSGh1h5DRc0fiH6ki7XOCnQH3olN7u/",
        "authorization": {
          "parameters": {
            "AccessToken": ***
          },
          "scheme": "OAuth"
        },
        "isShared": false,
        "isReady": true
      }
    ]
  },
  "contextData": {
    "github": {
      "t": 2,
      "d": [
        {
          "k": "ref",
          "v": "refs/heads/main"
        },
        {
          "k": "sha",
          "v": "3ac60223c294045c731f74664be07cb1313085a2"
        },
        {
          "k": "repository",
          "v": "Harshini-24-IT/dynamic_readme"
        },
        {
          "k": "repository_owner",
          "v": "Harshini-24-IT"
        },
        {
          "k": "repository_owner_id",
          "v": "65531498"
        },
        {
          "k": "repositoryUrl",
          "v": "git://github.com/Harshini-24-IT/dynamic_readme.git"
        },
        {
          "k": "run_id",
          "v": "4312213098"
        },
        {
          "k": "run_number",
          "v": "13"
        },
        {
          "k": "retention_days",
          "v": "90"
        },
        {
          "k": "run_attempt",
          "v": "1"
        },
        {
          "k": "artifact_cache_size_limit",
          "v": "10"
        },
        {
          "k": "repository_visibility",
          "v": "public"
        },
        {
          "k": "repository_id",
          "v": "608018730"
        },
        {
          "k": "actor_id",
          "v": "65531498"
        },
        {
          "k": "actor",
          "v": "Harshini-24-IT"
        },
        {
          "k": "triggering_actor",
          "v": "Harshini-24-IT"
        },
        {
          "k": "workflow",
          "v": "Docker Image Sample"
        },
        {
          "k": "head_ref",
          "v": ""
        },
        {
          "k": "base_ref",
          "v": ""
        },
        {
          "k": "event_name",
          "v": "workflow_dispatch"
        },
        {
          "k": "event",
          "v": {
            "t": 2,
            "d": [
              {
                "k": "inputs",
                "v": {
                  "t": 2,
                  "d": [
                    {
                      "k": "image_name",
                      "v": "image_1"
                    },
                    {
                      "k": "tag_name",
                      "v": "true"
                    }
                  ]
                }
              },
              {
                "k": "ref",
                "v": "refs/heads/main"
              },
              {
                "k": "repository",
                "v": {
                  "t": 2,
                  "d": [
                    {
                      "k": "allow_forking",
                      "v": true
                    },
                    {
                      "k": "archive_url",
                      "v": "https://api.github.com/repos/Harshini-24-IT/dynamic_readme/{archive_format}{/ref}"
                    },
                    {
                      "k": "archived",
                      "v": false
                    },
                    {
                      "k": "assignees_url",
                      "v": "https://api.github.com/repos/Harshini-24-IT/dynamic_readme/assignees{/user}"
                    },
                    {
                      "k": "blobs_url",
                      "v": "https://api.github.com/repos/Harshini-24-IT/dynamic_readme/git/blobs{/sha}"
                    },
                    {
                      "k": "branches_url",
                      "v": "https://api.github.com/repos/Harshini-24-IT/dynamic_readme/branches{/branch}"
                    },
                    {
                      "k": "clone_url",
                      "v": "https://github.com/Harshini-24-IT/dynamic_readme.git"
                    },
                    {
                      "k": "collaborators_url",
                      "v": "https://api.github.com/repos/Harshini-24-IT/dynamic_readme/collaborators{/collaborator}"
                    },
                    {
                      "k": "comments_url",
                      "v": "https://api.github.com/repos/Harshini-24-IT/dynamic_readme/comments{/number}"
                    },
                    {
                      "k": "commits_url",
                      "v": "https://api.github.com/repos/Harshini-24-IT/dynamic_readme/commits{/sha}"
                    },
                    {
                      "k": "compare_url",
                      "v": "https://api.github.com/repos/Harshini-24-IT/dynamic_readme/compare/{base}...{head}"
                    },
                    {
                      "k": "contents_url",
                      "v": "https://api.github.com/repos/Harshini-24-IT/dynamic_readme/contents/{+path}"
                    },
                    {
                      "k": "contributors_url",
                      "v": "https://api.github.com/repos/Harshini-24-IT/dynamic_readme/contributors"
                    },
                    {
                      "k": "created_at",
                      "v": "2023-03-01T06:28:11Z"
                    },
                    {
                      "k": "default_branch",
                      "v": "main"
                    },
                    {
                      "k": "deployments_url",
                      "v": "https://api.github.com/repos/Harshini-24-IT/dynamic_readme/deployments"
                    },
                    {
                      "k": "description",
                      "v": null
                    },
                    {
                      "k": "disabled",
                      "v": false
                    },
                    {
                      "k": "downloads_url",
                      "v": "https://api.github.com/repos/Harshini-24-IT/dynamic_readme/downloads"
                    },
                    {
                      "k": "events_url",
                      "v": "https://api.github.com/repos/Harshini-24-IT/dynamic_readme/events"
                    },
                    {
                      "k": "fork",
                      "v": false
                    },
                    {
                      "k": "forks",
                      "v": 0.0
                    },
                    {
                      "k": "forks_count",
                      "v": 0.0
                    },
                    {
                      "k": "forks_url",
                      "v": "https://api.github.com/repos/Harshini-24-IT/dynamic_readme/forks"
                    },
                    {
                      "k": "full_name",
                      "v": "Harshini-24-IT/dynamic_readme"
                    },
                    {
                      "k": "git_commits_url",
                      "v": "https://api.github.com/repos/Harshini-24-IT/dynamic_readme/git/commits{/sha}"
                    },
                    {
                      "k": "git_refs_url",
                      "v": "https://api.github.com/repos/Harshini-24-IT/dynamic_readme/git/refs{/sha}"
                    },
                    {
                      "k": "git_tags_url",
                      "v": "https://api.github.com/repos/Harshini-24-IT/dynamic_readme/git/tags{/sha}"
                    },
                    {
                      "k": "git_url",
                      "v": "git://github.com/Harshini-24-IT/dynamic_readme.git"
                    },
                    {
                      "k": "has_discussions",
                      "v": false
                    },
                    {
                      "k": "has_downloads",
                      "v": true
                    },
                    {
                      "k": "has_issues",
                      "v": true
                    },
                    {
                      "k": "has_pages",
                      "v": false
                    },
                    {
                      "k": "has_projects",
                      "v": true
                    },
                    {
                      "k": "has_wiki",
                      "v": true
                    },
                    {
                      "k": "homepage",
                      "v": "https://dynamic-readme-liard.vercel.app"
                    },
                    {
                      "k": "hooks_url",
                      "v": "https://api.github.com/repos/Harshini-24-IT/dynamic_readme/hooks"
                    },
                    {
                      "k": "html_url",
                      "v": "https://github.com/Harshini-24-IT/dynamic_readme"
                    },
                    {
                      "k": "id",
                      "v": 608018730.0
                    },
                    {
                      "k": "is_template",
                      "v": false
                    },
                    {
                      "k": "issue_comment_url",
                      "v": "https://api.github.com/repos/Harshini-24-IT/dynamic_readme/issues/comments{/number}"
                    },
                    {
                      "k": "issue_events_url",
                      "v": "https://api.github.com/repos/Harshini-24-IT/dynamic_readme/issues/events{/number}"
                    },
                    {
                      "k": "issues_url",
                      "v": "https://api.github.com/repos/Harshini-24-IT/dynamic_readme/issues{/number}"
                    },
                    {
                      "k": "keys_url",
                      "v": "https://api.github.com/repos/Harshini-24-IT/dynamic_readme/keys{/key_id}"
                    },
                    {
                      "k": "labels_url",
                      "v": "https://api.github.com/repos/Harshini-24-IT/dynamic_readme/labels{/name}"
                    },
                    {
                      "k": "language",
                      "v": "JavaScript"
                    },
                    {
                      "k": "languages_url",
                      "v": "https://api.github.com/repos/Harshini-24-IT/dynamic_readme/languages"
                    },
                    {
                      "k": "license",
                      "v": null
                    },
                    {
                      "k": "merges_url",
                      "v": "https://api.github.com/repos/Harshini-24-IT/dynamic_readme/merges"
                    },
                    {
                      "k": "milestones_url",
                      "v": "https://api.github.com/repos/Harshini-24-IT/dynamic_readme/milestones{/number}"
                    },
                    {
                      "k": "mirror_url",
                      "v": null
                    },
                    {
                      "k": "name",
                      "v": "dynamic_readme"
                    },
                    {
                      "k": "node_id",
                      "v": "R_kgDOJD2hKg"
                    },
                    {
                      "k": "notifications_url",
                      "v": "https://api.github.com/repos/Harshini-24-IT/dynamic_readme/notifications{?since,all,participating}"
                    },
                    {
                      "k": "open_issues",
                      "v": 0.0
                    },
                    {
                      "k": "open_issues_count",
                      "v": 0.0
                    },
                    {
                      "k": "owner",
                      "v": {
                        "t": 2,
                        "d": [
                          {
                            "k": "avatar_url",
                            "v": "https://avatars.githubusercontent.com/u/65531498?v=4"
                          },
                          {
                            "k": "events_url",
                            "v": "https://api.github.com/users/Harshini-24-IT/events{/privacy}"
                          },
                          {
                            "k": "followers_url",
                            "v": "https://api.github.com/users/Harshini-24-IT/followers"
                          },
                          {
                            "k": "following_url",
                            "v": "https://api.github.com/users/Harshini-24-IT/following{/other_user}"
                          },
                          {
                            "k": "gists_url",
                            "v": "https://api.github.com/users/Harshini-24-IT/gists{/gist_id}"
                          },
                          {
                            "k": "gravatar_id",
                            "v": ""
                          },
                          {
                            "k": "html_url",
                            "v": "https://github.com/Harshini-24-IT"
                          },
                          {
                            "k": "id",
                            "v": 65531498.0
                          },
                          {
                            "k": "login",
                            "v": "Harshini-24-IT"
                          },
                          {
                            "k": "node_id",
                            "v": "MDQ6VXNlcjY1NTMxNDk4"
                          },
                          {
                            "k": "organizations_url",
                            "v": "https://api.github.com/users/Harshini-24-IT/orgs"
                          },
                          {
                            "k": "received_events_url",
                            "v": "https://api.github.com/users/Harshini-24-IT/received_events"
                          },
                          {
                            "k": "repos_url",
                            "v": "https://api.github.com/users/Harshini-24-IT/repos"
                          },
                          {
                            "k": "site_admin",
                            "v": false
                          },
                          {
                            "k": "starred_url",
                            "v": "https://api.github.com/users/Harshini-24-IT/starred{/owner}{/repo}"
                          },
                          {
                            "k": "subscriptions_url",
                            "v": "https://api.github.com/users/Harshini-24-IT/subscriptions"
                          },
                          {
                            "k": "type",
                            "v": "User"
                          },
                          {
                            "k": "url",
                            "v": "https://api.github.com/users/Harshini-24-IT"
                          }
                        ]
                      }
                    },
                    {
                      "k": "private",
                      "v": false
                    },
                    {
                      "k": "pulls_url",
                      "v": "https://api.github.com/repos/Harshini-24-IT/dynamic_readme/pulls{/number}"
                    },
                    {
                      "k": "pushed_at",
                      "v": "2023-03-02T08:55:03Z"
                    },
                    {
                      "k": "releases_url",
                      "v": "https://api.github.com/repos/Harshini-24-IT/dynamic_readme/releases{/id}"
                    },
                    {
                      "k": "size",
                      "v": 188.0
                    },
                    {
                      "k": "ssh_url",
                      "v": "git@github.com:Harshini-24-IT/dynamic_readme.git"
                    },
                    {
                      "k": "stargazers_count",
                      "v": 0.0
                    },
                    {
                      "k": "stargazers_url",
                      "v": "https://api.github.com/repos/Harshini-24-IT/dynamic_readme/stargazers"
                    },
                    {
                      "k": "statuses_url",
                      "v": "https://api.github.com/repos/Harshini-24-IT/dynamic_readme/statuses/{sha}"
                    },
                    {
                      "k": "subscribers_url",
                      "v": "https://api.github.com/repos/Harshini-24-IT/dynamic_readme/subscribers"
                    },
                    {
                      "k": "subscription_url",
                      "v": "https://api.github.com/repos/Harshini-24-IT/dynamic_readme/subscription"
                    },
                    {
                      "k": "svn_url",
                      "v": "https://github.com/Harshini-24-IT/dynamic_readme"
                    },
                    {
                      "k": "tags_url",
                      "v": "https://api.github.com/repos/Harshini-24-IT/dynamic_readme/tags"
                    },
                    {
                      "k": "teams_url",
                      "v": "https://api.github.com/repos/Harshini-24-IT/dynamic_readme/teams"
                    },
                    {
                      "k": "topics",
                      "v": {
                        "t": 1
                      }
                    },
                    {
                      "k": "trees_url",
                      "v": "https://api.github.com/repos/Harshini-24-IT/dynamic_readme/git/trees{/sha}"
                    },
                    {
                      "k": "updated_at",
                      "v": "2023-03-02T06:36:24Z"
                    },
                    {
                      "k": "url",
                      "v": "https://api.github.com/repos/Harshini-24-IT/dynamic_readme"
                    },
                    {
                      "k": "visibility",
                      "v": "public"
                    },
                    {
                      "k": "watchers",
                      "v": 0.0
                    },
                    {
                      "k": "watchers_count",
                      "v": 0.0
                    },
                    {
                      "k": "web_commit_signoff_required",
                      "v": false
                    }
                  ]
                }
              },
              {
                "k": "sender",
                "v": {
                  "t": 2,
                  "d": [
                    {
                      "k": "avatar_url",
                      "v": "https://avatars.githubusercontent.com/u/65531498?v=4"
                    },
                    {
                      "k": "events_url",
                      "v": "https://api.github.com/users/Harshini-24-IT/events{/privacy}"
                    },
                    {
                      "k": "followers_url",
                      "v": "https://api.github.com/users/Harshini-24-IT/followers"
                    },
                    {
                      "k": "following_url",
                      "v": "https://api.github.com/users/Harshini-24-IT/following{/other_user}"
                    },
                    {
                      "k": "gists_url",
                      "v": "https://api.github.com/users/Harshini-24-IT/gists{/gist_id}"
                    },
                    {
                      "k": "gravatar_id",
                      "v": ""
                    },
                    {
                      "k": "html_url",
                      "v": "https://github.com/Harshini-24-IT"
                    },
                    {
                      "k": "id",
                      "v": 65531498.0
                    },
                    {
                      "k": "login",
                      "v": "Harshini-24-IT"
                    },
                    {
                      "k": "node_id",
                      "v": "MDQ6VXNlcjY1NTMxNDk4"
                    },
                    {
                      "k": "organizations_url",
                      "v": "https://api.github.com/users/Harshini-24-IT/orgs"
                    },
                    {
                      "k": "received_events_url",
                      "v": "https://api.github.com/users/Harshini-24-IT/received_events"
                    },
                    {
                      "k": "repos_url",
                      "v": "https://api.github.com/users/Harshini-24-IT/repos"
                    },
                    {
                      "k": "site_admin",
                      "v": false
                    },
                    {
                      "k": "starred_url",
                      "v": "https://api.github.com/users/Harshini-24-IT/starred{/owner}{/repo}"
                    },
                    {
                      "k": "subscriptions_url",
                      "v": "https://api.github.com/users/Harshini-24-IT/subscriptions"
                    },
                    {
                      "k": "type",
                      "v": "User"
                    },
                    {
                      "k": "url",
                      "v": "https://api.github.com/users/Harshini-24-IT"
                    }
                  ]
                }
              },
              {
                "k": "workflow",
                "v": ".github/workflows/main.yml"
              }
            ]
          }
        },
        {
          "k": "server_url",
          "v": "https://github.com"
        },
        {
          "k": "api_url",
          "v": "https://api.github.com"
        },
        {
          "k": "graphql_url",
          "v": "https://api.github.com/graphql"
        },
        {
          "k": "ref_name",
          "v": "main"
        },
        {
          "k": "ref_protected",
          "v": false
        },
        {
          "k": "ref_type",
          "v": "branch"
        },
        {
          "k": "secret_source",
          "v": "Actions"
        },
        {
          "k": "workflow_ref",
          "v": "Harshini-24-IT/dynamic_readme/.github/workflows/main.yml@refs/heads/main"
        },
        {
          "k": "workflow_sha",
          "v": "3ac60223c294045c731f74664be07cb1313085a2"
        }
      ]
    },
    "run-feature-flags": {
      "t": 2,
      "d": [
        {
          "k": "actions_use_results_service",
          "v": true
        }
      ]
    },
    "partialrerun": false,
    "needs": {
      "t": 2,
      "d": [
        {
          "k": "today_job",
          "v": {
            "t": 2,
            "d": [
              {
                "k": "result",
                "v": "success"
              },
              {
                "k": "outputs",
                "v": {
                  "t": 2
                }
              }
            ]
          }
        }
      ]
    },
    "vars": null,
    "inputs": {
      "t": 2,
      "d": [
        {
          "k": "image_name",
          "v": "image_1"
        },
        {
          "k": "tag_name",
          "v": true
        }
      ]
    },
    "matrix": null,
    "strategy": {
      "t": 2,
      "d": [
        {
          "k": "fail-fast",
          "v": true
        },
        {
          "k": "job-index",
          "v": 0.0
        },
        {
          "k": "job-total",
          "v": 1.0
        },
        {
          "k": "max-parallel",
          "v": 1.0
        }
      ]
    }
  }
}
[2023-03-02 08:55:35Z INFO JobRunner] Job ID 24e7ee36-8e59-5ffc-471a-a16683a727d4
[2023-03-02 08:55:35Z INFO JobRunner] Creating job server with URL: https://pipelines.actions.githubusercontent.com/k8FlMP1p02qkIxGNFzRRrSGh1h5DRc0fiH6ki7XOCnQH3olN7u/
[2023-03-02 08:55:35Z INFO ConfigurationStore] currentAssemblyLocation: C:\Users\hkam\build_display\actions-runner\bin\Runner.Worker.dll
[2023-03-02 08:55:35Z INFO HostContext] Well known directory 'Bin': 'C:\Users\hkam\build_display\actions-runner\bin'
[2023-03-02 08:55:35Z INFO ConfigurationStore] binPath: C:\Users\hkam\build_display\actions-runner\bin
[2023-03-02 08:55:35Z INFO HostContext] Well known directory 'Bin': 'C:\Users\hkam\build_display\actions-runner\bin'
[2023-03-02 08:55:35Z INFO HostContext] Well known directory 'Root': 'C:\Users\hkam\build_display\actions-runner'
[2023-03-02 08:55:35Z INFO ConfigurationStore] RootFolder: C:\Users\hkam\build_display\actions-runner
[2023-03-02 08:55:35Z INFO HostContext] Well known directory 'Bin': 'C:\Users\hkam\build_display\actions-runner\bin'
[2023-03-02 08:55:35Z INFO HostContext] Well known directory 'Root': 'C:\Users\hkam\build_display\actions-runner'
[2023-03-02 08:55:35Z INFO HostContext] Well known config file 'Runner': 'C:\Users\hkam\build_display\actions-runner\.runner'
[2023-03-02 08:55:35Z INFO ConfigurationStore] ConfigFilePath: C:\Users\hkam\build_display\actions-runner\.runner
[2023-03-02 08:55:35Z INFO HostContext] Well known directory 'Bin': 'C:\Users\hkam\build_display\actions-runner\bin'
[2023-03-02 08:55:35Z INFO HostContext] Well known directory 'Root': 'C:\Users\hkam\build_display\actions-runner'
[2023-03-02 08:55:35Z INFO HostContext] Well known config file 'Credentials': 'C:\Users\hkam\build_display\actions-runner\.credentials'
[2023-03-02 08:55:35Z INFO ConfigurationStore] CredFilePath: C:\Users\hkam\build_display\actions-runner\.credentials
[2023-03-02 08:55:35Z INFO HostContext] Well known directory 'Bin': 'C:\Users\hkam\build_display\actions-runner\bin'
[2023-03-02 08:55:35Z INFO HostContext] Well known directory 'Root': 'C:\Users\hkam\build_display\actions-runner'
[2023-03-02 08:55:35Z INFO HostContext] Well known config file 'MigratedCredentials': 'C:\Users\hkam\build_display\actions-runner\.credentials_migrated'
[2023-03-02 08:55:35Z INFO ConfigurationStore] MigratedCredFilePath: C:\Users\hkam\build_display\actions-runner\.credentials_migrated
[2023-03-02 08:55:35Z INFO HostContext] Well known directory 'Bin': 'C:\Users\hkam\build_display\actions-runner\bin'
[2023-03-02 08:55:35Z INFO HostContext] Well known directory 'Root': 'C:\Users\hkam\build_display\actions-runner'
[2023-03-02 08:55:35Z INFO HostContext] Well known config file 'Service': 'C:\Users\hkam\build_display\actions-runner\.service'
[2023-03-02 08:55:35Z INFO ConfigurationStore] ServiceConfigFilePath: C:\Users\hkam\build_display\actions-runner\.service
[2023-03-02 08:55:35Z INFO ConfigurationStore] Read setting file: 305 chars
[2023-03-02 08:55:35Z INFO GitHubActionsService] Starting operation Location.GetConnectionData
[2023-03-02 08:55:35Z INFO Worker] Listening for cancel message from the channel.
[2023-03-02 08:55:35Z INFO Worker] Waiting for the job to complete or for a cancel message from the channel.
[2023-03-02 08:55:36Z INFO GitHubActionsService] Finished operation Location.GetConnectionData
[2023-03-02 08:55:36Z INFO JobServer] Creating websocket client ...wss://pipelines.actions.githubusercontent.com/k8FlMP1p02qkIxGNFzRRrSGh1h5DRc0fiH6ki7XOCnQH3olN7u/00000000-0000-0000-0000-000000000000/_apis/distributedtask/hubs/Actions/plans/c4982d6d-0585-4386-a909-f7274ae0d3ba/timelines/c4982d6d-0585-4386-a909-f7274ae0d3ba/records/24e7ee36-8e59-5ffc-471a-a16683a727d4/feedstream?api-version=6.0-preview
[2023-03-02 08:55:36Z INFO JobServer] Attempting to start websocket client with delay 00:00:00.
[2023-03-02 08:55:36Z INFO JobServerQueue] Initializing results client
[2023-03-02 08:55:36Z INFO JobServerQueue] Start process web console line queue.
[2023-03-02 08:55:36Z INFO JobServerQueue] Start process file upload queue.
[2023-03-02 08:55:36Z INFO JobServerQueue] Start results file upload queue.
[2023-03-02 08:55:36Z INFO JobServerQueue] Starting results-based upload queue...
[2023-03-02 08:55:36Z INFO JobServerQueue] Start process timeline update queue.
[2023-03-02 08:55:36Z INFO ExecutionContext] Initialize GitHub context
[2023-03-02 08:55:36Z INFO ExecutionContext] Initialize Env context
[2023-03-02 08:55:36Z INFO HostContext] Well known directory 'Bin': 'C:\Users\hkam\build_display\actions-runner\bin'
[2023-03-02 08:55:36Z INFO HostContext] Well known directory 'Root': 'C:\Users\hkam\build_display\actions-runner'
[2023-03-02 08:55:36Z INFO HostContext] Well known directory 'Diag': 'C:\Users\hkam\build_display\actions-runner\_diag'
[2023-03-02 08:55:36Z INFO JobRunner] Starting the job execution context.
[2023-03-02 08:55:36Z INFO HostContext] Well known directory 'Bin': 'C:\Users\hkam\build_display\actions-runner\bin'
[2023-03-02 08:55:36Z INFO HostContext] Well known directory 'Root': 'C:\Users\hkam\build_display\actions-runner'
[2023-03-02 08:55:36Z INFO HostContext] Well known directory 'Work': 'C:\Users\hkam\build_display\actions-runner\_work'
[2023-03-02 08:55:36Z INFO JobRunner] Validating directory permissions for: 'C:\Users\hkam\build_display\actions-runner\_work'
[2023-03-02 08:55:36Z INFO HostContext] Well known directory 'Bin': 'C:\Users\hkam\build_display\actions-runner\bin'
[2023-03-02 08:55:36Z INFO HostContext] Well known directory 'Root': 'C:\Users\hkam\build_display\actions-runner'
[2023-03-02 08:55:36Z INFO HostContext] Well known directory 'Work': 'C:\Users\hkam\build_display\actions-runner\_work'
[2023-03-02 08:55:36Z INFO HostContext] Well known directory 'Tools': 'C:\Users\hkam\build_display\actions-runner\_work\_tool'
[2023-03-02 08:55:36Z INFO HostContext] Well known directory 'Bin': 'C:\Users\hkam\build_display\actions-runner\bin'
[2023-03-02 08:55:36Z INFO HostContext] Well known directory 'Root': 'C:\Users\hkam\build_display\actions-runner'
[2023-03-02 08:55:36Z INFO HostContext] Well known directory 'Work': 'C:\Users\hkam\build_display\actions-runner\_work'
[2023-03-02 08:55:36Z INFO HostContext] Well known directory 'Temp': 'C:\Users\hkam\build_display\actions-runner\_work\_temp'
[2023-03-02 08:55:36Z INFO JobRunner] Getting job extension.
[2023-03-02 08:55:36Z INFO JobRunner] Initialize job. Getting all job steps.
[2023-03-02 08:55:36Z INFO HostContext] Well known directory 'Bin': 'C:\Users\hkam\build_display\actions-runner\bin'
[2023-03-02 08:55:36Z INFO HostContext] Well known directory 'Root': 'C:\Users\hkam\build_display\actions-runner'
[2023-03-02 08:55:36Z INFO HostContext] Well known directory 'Diag': 'C:\Users\hkam\build_display\actions-runner\_diag'
[2023-03-02 08:55:36Z INFO HostContext] Well known directory 'Bin': 'C:\Users\hkam\build_display\actions-runner\bin'
[2023-03-02 08:55:36Z INFO HostContext] Well known directory 'Root': 'C:\Users\hkam\build_display\actions-runner'
[2023-03-02 08:55:36Z INFO HostContext] Well known config file 'Credentials': 'C:\Users\hkam\build_display\actions-runner\.credentials'
[2023-03-02 08:55:36Z INFO HostContext] Well known directory 'Bin': 'C:\Users\hkam\build_display\actions-runner\bin'
[2023-03-02 08:55:36Z INFO HostContext] Well known directory 'Root': 'C:\Users\hkam\build_display\actions-runner'
[2023-03-02 08:55:36Z INFO HostContext] Well known config file 'SetupInfo': 'C:\Users\hkam\build_display\actions-runner\.setup_info'
[2023-03-02 08:55:36Z INFO HostContext] Well known directory 'Bin': 'C:\Users\hkam\build_display\actions-runner\bin'
[2023-03-02 08:55:36Z INFO HostContext] Well known directory 'Root': 'C:\Users\hkam\build_display\actions-runner'
[2023-03-02 08:55:36Z INFO HostContext] Well known directory 'Work': 'C:\Users\hkam\build_display\actions-runner\_work'
[2023-03-02 08:55:36Z INFO PipelineDirectoryManager] Loading tracking config if exists: C:\Users\hkam\build_display\actions-runner\_work\_PipelineMapping\Harshini-24-IT/dynamic_readme\PipelineFolder.json
[2023-03-02 08:55:36Z INFO PipelineDirectoryManager] Updating job run properties.
[2023-03-02 08:55:36Z INFO HostContext] Well known directory 'Bin': 'C:\Users\hkam\build_display\actions-runner\bin'
[2023-03-02 08:55:36Z INFO HostContext] Well known directory 'Root': 'C:\Users\hkam\build_display\actions-runner'
[2023-03-02 08:55:36Z INFO HostContext] Well known directory 'Work': 'C:\Users\hkam\build_display\actions-runner\_work'
[2023-03-02 08:55:36Z INFO HostContext] Well known directory 'Bin': 'C:\Users\hkam\build_display\actions-runner\bin'
[2023-03-02 08:55:36Z INFO HostContext] Well known directory 'Root': 'C:\Users\hkam\build_display\actions-runner'
[2023-03-02 08:55:36Z INFO HostContext] Well known directory 'Work': 'C:\Users\hkam\build_display\actions-runner\_work'
[2023-03-02 08:55:36Z INFO HostContext] Well known directory 'Bin': 'C:\Users\hkam\build_display\actions-runner\bin'
[2023-03-02 08:55:36Z INFO HostContext] Well known directory 'Root': 'C:\Users\hkam\build_display\actions-runner'
[2023-03-02 08:55:36Z INFO HostContext] Well known directory 'Work': 'C:\Users\hkam\build_display\actions-runner\_work'
[2023-03-02 08:55:36Z INFO JobExtension] Downloading actions
[2023-03-02 08:55:36Z INFO HostContext] Well known directory 'Bin': 'C:\Users\hkam\build_display\actions-runner\bin'
[2023-03-02 08:55:36Z INFO HostContext] Well known directory 'Root': 'C:\Users\hkam\build_display\actions-runner'
[2023-03-02 08:55:36Z INFO HostContext] Well known directory 'Work': 'C:\Users\hkam\build_display\actions-runner\_work'
[2023-03-02 08:55:36Z INFO HostContext] Well known directory 'Actions': 'C:\Users\hkam\build_display\actions-runner\_work\_actions'
[2023-03-02 08:55:37Z INFO HostContext] Well known directory 'Bin': 'C:\Users\hkam\build_display\actions-runner\bin'
[2023-03-02 08:55:37Z INFO HostContext] Well known directory 'Root': 'C:\Users\hkam\build_display\actions-runner'
[2023-03-02 08:55:37Z INFO HostContext] Well known directory 'Work': 'C:\Users\hkam\build_display\actions-runner\_work'
[2023-03-02 08:55:37Z INFO HostContext] Well known directory 'Actions': 'C:\Users\hkam\build_display\actions-runner\_work\_actions'
[2023-03-02 08:55:37Z INFO HostContext] Well known directory 'Bin': 'C:\Users\hkam\build_display\actions-runner\bin'
[2023-03-02 08:55:37Z INFO HostContext] Well known directory 'Root': 'C:\Users\hkam\build_display\actions-runner'
[2023-03-02 08:55:37Z INFO HostContext] Well known directory 'Work': 'C:\Users\hkam\build_display\actions-runner\_work'
[2023-03-02 08:55:37Z INFO HostContext] Well known directory 'Actions': 'C:\Users\hkam\build_display\actions-runner\_work\_actions'
[2023-03-02 08:55:37Z INFO ActionManager] Save archive 'https://api.github.com/repos/actions/upload-artifact/zipball/82c141cc518b40d92cc801eee768e7aafc9c2fa2' into C:\Users\hkam\build_display\actions-runner\_work\_actions\_temp_9732861b-6c2d-4af6-af55-3c33e8fb5264\16779586-2bbf-4d64-8298-42106487e41b.zip.
[2023-03-02 08:55:37Z INFO JobServerQueue] Job timeline record has been updated for the first time.
[2023-03-02 08:55:37Z INFO JobServer] Successfully started websocket client.
[2023-03-02 08:55:37Z INFO JobServerQueue] Try to append 1 batches web console lines for record '260f6c30-d269-4c46-80f0-5f4c9fad400a', success rate: 1/1.
[2023-03-02 08:55:37Z INFO JobServerQueue] Try to append 1 batches web console lines for record '260f6c30-d269-4c46-80f0-5f4c9fad400a', success rate: 1/1.
[2023-03-02 08:55:38Z INFO ActionManager] Finished getting action repository.
[2023-03-02 08:55:38Z INFO HostContext] Well known directory 'Bin': 'C:\Users\hkam\build_display\actions-runner\bin'
[2023-03-02 08:55:38Z INFO HostContext] Well known directory 'Root': 'C:\Users\hkam\build_display\actions-runner'
[2023-03-02 08:55:38Z INFO HostContext] Well known directory 'Work': 'C:\Users\hkam\build_display\actions-runner\_work'
[2023-03-02 08:55:38Z INFO HostContext] Well known directory 'Actions': 'C:\Users\hkam\build_display\actions-runner\_work\_actions'
[2023-03-02 08:55:38Z INFO ActionManifestManager] Load schema file with definitions: [
  "null",
  "boolean",
  "number",
  "string",
  "sequence",
  "mapping",
  "any",
  "action-root",
  "inputs",
  "input",
  "outputs",
  "output-definition",
  "runs",
  "container-runs",
  "container-runs-args",
  "container-runs-env",
  "node-runs",
  "plugin-runs",
  "composite-runs",
  "composite-steps",
  "composite-step",
  "run-step",
  "uses-step",
  "container-runs-context",
  "output-value",
  "input-default-context",
  "non-empty-string",
  "string-steps-context",
  "boolean-steps-context",
  "step-env",
  "step-if",
  "step-with"
]
[2023-03-02 08:55:38Z INFO HostContext] Well known directory 'Bin': 'C:\Users\hkam\build_display\actions-runner\bin'
[2023-03-02 08:55:38Z INFO HostContext] Well known directory 'Root': 'C:\Users\hkam\build_display\actions-runner'
[2023-03-02 08:55:38Z INFO HostContext] Well known directory 'Work': 'C:\Users\hkam\build_display\actions-runner\_work'
[2023-03-02 08:55:38Z INFO HostContext] Well known directory 'Actions': 'C:\Users\hkam\build_display\actions-runner\_work\_actions'
[2023-03-02 08:55:38Z INFO ActionManifestManager] Ignore action property author.
[2023-03-02 08:55:38Z INFO ActionManifestManager] Loaded action.yml file: {
  "name": "Upload a Build Artifact",
  "description": "Upload a build artifact that can be used by subsequent workflow steps",
  "inputs": {
    "type": 2,
    "map": [
      {
        "key": {
          "type": 0,
          "file": 2,
          "line": 5,
          "col": 3,
          "lit": "name"
        },
        "value": {
          "type": 0,
          "file": 2,
          "line": 7,
          "col": 14,
          "lit": "artifact"
        }
      },
      {
        "key": {
          "type": 0,
          "file": 2,
          "line": 8,
          "col": 3,
          "lit": "path"
        },
        "value": ""
      },
      {
        "key": {
          "type": 0,
          "file": 2,
          "line": 11,
          "col": 3,
          "lit": "if-no-files-found"
        },
        "value": {
          "type": 0,
          "file": 2,
          "line": 19,
          "col": 14,
          "lit": "warn"
        }
      },
      {
        "key": {
          "type": 0,
          "file": 2,
          "line": 20,
          "col": 3,
          "lit": "retention-days"
        },
        "value": ""
      }
    ]
  },
  "execution": {
    "executionType": "nodeJS",
    "hasPre": false,
    "hasPost": false,
    "script": "dist/index.js",
    "pre": null,
    "post": null,
    "nodeVersion": "node12",
    "cleanupCondition": "always()",
    "initCondition": "always()"
  },
  "deprecated": null
}
[2023-03-02 08:55:38Z INFO ActionManager] Action node.js file: dist/index.js, no more preparation.
[2023-03-02 08:55:38Z INFO HostContext] Well known directory 'Bin': 'C:\Users\hkam\build_display\actions-runner\bin'
[2023-03-02 08:55:38Z INFO HostContext] Well known directory 'Root': 'C:\Users\hkam\build_display\actions-runner'
[2023-03-02 08:55:38Z INFO HostContext] Well known directory 'Work': 'C:\Users\hkam\build_display\actions-runner\_work'
[2023-03-02 08:55:38Z INFO HostContext] Well known directory 'Actions': 'C:\Users\hkam\build_display\actions-runner\_work\_actions'
[2023-03-02 08:55:38Z INFO ActionManager] Load action that reference repository from 'C:\Users\hkam\build_display\actions-runner\_work\_actions\actions\upload-artifact\v2'
[2023-03-02 08:55:38Z INFO HostContext] Well known directory 'Bin': 'C:\Users\hkam\build_display\actions-runner\bin'
[2023-03-02 08:55:38Z INFO HostContext] Well known directory 'Root': 'C:\Users\hkam\build_display\actions-runner'
[2023-03-02 08:55:38Z INFO HostContext] Well known directory 'Work': 'C:\Users\hkam\build_display\actions-runner\_work'
[2023-03-02 08:55:38Z INFO HostContext] Well known directory 'Actions': 'C:\Users\hkam\build_display\actions-runner\_work\_actions'
[2023-03-02 08:55:38Z INFO ActionManifestManager] Ignore action property author.
[2023-03-02 08:55:38Z INFO ActionManifestManager] Loaded action.yml file: {
  "name": "Upload a Build Artifact",
  "description": "Upload a build artifact that can be used by subsequent workflow steps",
  "inputs": {
    "type": 2,
    "map": [
      {
        "key": {
          "type": 0,
          "file": 2,
          "line": 5,
          "col": 3,
          "lit": "name"
        },
        "value": {
          "type": 0,
          "file": 2,
          "line": 7,
          "col": 14,
          "lit": "artifact"
        }
      },
      {
        "key": {
          "type": 0,
          "file": 2,
          "line": 8,
          "col": 3,
          "lit": "path"
        },
        "value": ""
      },
      {
        "key": {
          "type": 0,
          "file": 2,
          "line": 11,
          "col": 3,
          "lit": "if-no-files-found"
        },
        "value": {
          "type": 0,
          "file": 2,
          "line": 19,
          "col": 14,
          "lit": "warn"
        }
      },
      {
        "key": {
          "type": 0,
          "file": 2,
          "line": 20,
          "col": 3,
          "lit": "retention-days"
        },
        "value": ""
      }
    ]
  },
  "execution": {
    "executionType": "nodeJS",
    "hasPre": false,
    "hasPost": false,
    "script": "dist/index.js",
    "pre": null,
    "post": null,
    "nodeVersion": "node12",
    "cleanupCondition": "always()",
    "initCondition": "always()"
  },
  "deprecated": null
}
[2023-03-02 08:55:38Z INFO ActionManager] Action pre node.js file: N/A.
[2023-03-02 08:55:38Z INFO ActionManager] Action node.js file: dist/index.js.
[2023-03-02 08:55:38Z INFO ActionManager] Action post node.js file: N/A.
[2023-03-02 08:55:38Z INFO JobExtension] Adding .
[2023-03-02 08:55:38Z INFO JobExtension] Adding .
[2023-03-02 08:55:38Z INFO HostContext] Well known directory 'Bin': 'C:\Users\hkam\build_display\actions-runner\bin'
[2023-03-02 08:55:38Z INFO HostContext] Well known directory 'Root': 'C:\Users\hkam\build_display\actions-runner'
[2023-03-02 08:55:38Z INFO HostContext] Well known directory 'Diag': 'C:\Users\hkam\build_display\actions-runner\_diag'
[2023-03-02 08:55:38Z INFO HostContext] Well known directory 'Bin': 'C:\Users\hkam\build_display\actions-runner\bin'
[2023-03-02 08:55:38Z INFO HostContext] Well known directory 'Root': 'C:\Users\hkam\build_display\actions-runner'
[2023-03-02 08:55:38Z INFO HostContext] Well known directory 'Diag': 'C:\Users\hkam\build_display\actions-runner\_diag'
[2023-03-02 08:55:38Z INFO JobExtension] Total accessible running process: 274.
[2023-03-02 08:55:38Z INFO HostContext] Well known directory 'Bin': 'C:\Users\hkam\build_display\actions-runner\bin'
[2023-03-02 08:55:38Z INFO HostContext] Well known directory 'Root': 'C:\Users\hkam\build_display\actions-runner'
[2023-03-02 08:55:38Z INFO HostContext] Well known directory 'Work': 'C:\Users\hkam\build_display\actions-runner\_work'
[2023-03-02 08:55:38Z INFO ExecutionContext] Publish step telemetry for current step {
  "action": "setup_job",
  "type": "runner",
  "stage": "Pre",
  "stepId": "260f6c30-d269-4c46-80f0-5f4c9fad400a",
  "result": "succeeded",
  "errorMessages": [],
  "executionTimeInSeconds": 2,
  "startTime": "2023-03-02T08:55:36.4298352Z",
  "finishTime": "2023-03-02T08:55:38.1343755Z"
}.
[2023-03-02 08:55:38Z INFO JobRunner] Total job steps: 2.
[2023-03-02 08:55:38Z INFO JobRunner] Run all job steps.
[2023-03-02 08:55:38Z INFO StepsRunner] Processing step: DisplayName='Generate file with timestamp'
[2023-03-02 08:55:38Z INFO StepsRunner] Evaluating: success()
[2023-03-02 08:55:38Z INFO StepsRunner] Result: true
[2023-03-02 08:55:38Z INFO StepsRunner] Starting the step.
[2023-03-02 08:55:38Z INFO HostContext] Well known directory 'Bin': 'C:\Users\hkam\build_display\actions-runner\bin'
[2023-03-02 08:55:38Z INFO HostContext] Well known directory 'Root': 'C:\Users\hkam\build_display\actions-runner'
[2023-03-02 08:55:38Z INFO HostContext] Well known directory 'Work': 'C:\Users\hkam\build_display\actions-runner\_work'
[2023-03-02 08:55:38Z INFO StepsRunner] Which: 'chcp'
[2023-03-02 08:55:38Z INFO StepsRunner] Location: 'C:\windows\system32\chcp.COM'
[2023-03-02 08:55:38Z INFO ProcessInvokerWrapper] Starting process:
[2023-03-02 08:55:38Z INFO ProcessInvokerWrapper]   File name: 'C:\windows\system32\chcp.COM'
[2023-03-02 08:55:38Z INFO ProcessInvokerWrapper]   Arguments: '65001'
[2023-03-02 08:55:38Z INFO ProcessInvokerWrapper]   Working directory: 'C:\Users\hkam\build_display\actions-runner\_work'
[2023-03-02 08:55:38Z INFO ProcessInvokerWrapper]   Require exit code zero: 'False'
[2023-03-02 08:55:38Z INFO ProcessInvokerWrapper]   Encoding web name:  ; code page: ''
[2023-03-02 08:55:38Z INFO ProcessInvokerWrapper]   Force kill process on cancellation: 'False'
[2023-03-02 08:55:38Z INFO ProcessInvokerWrapper]   Redirected STDIN: 'False'
[2023-03-02 08:55:38Z INFO ProcessInvokerWrapper]   Persist current code page: 'True'
[2023-03-02 08:55:38Z INFO ProcessInvokerWrapper]   Keep redirected STDIN open: 'False'
[2023-03-02 08:55:38Z INFO ProcessInvokerWrapper]   High priority process: 'False'
[2023-03-02 08:55:38Z INFO ProcessInvokerWrapper] Process started with process id 11452, waiting for process exit.
[2023-03-02 08:55:38Z INFO ProcessInvokerWrapper] STDOUT/STDERR stream read finished.
[2023-03-02 08:55:38Z INFO ProcessInvokerWrapper] STDOUT/STDERR stream read finished.
[2023-03-02 08:55:38Z INFO ProcessInvokerWrapper] Finished process 11452 with exit code 0, and elapsed time 00:00:00.0366323.
[2023-03-02 08:55:38Z INFO StepsRunner] Successfully returned to code page 65001 (UTF8)
[2023-03-02 08:55:38Z INFO HostContext] Well known directory 'Bin': 'C:\Users\hkam\build_display\actions-runner\bin'
[2023-03-02 08:55:38Z INFO HostContext] Well known directory 'Root': 'C:\Users\hkam\build_display\actions-runner'
[2023-03-02 08:55:38Z INFO HostContext] Well known directory 'Work': 'C:\Users\hkam\build_display\actions-runner\_work'
[2023-03-02 08:55:38Z INFO HostContext] Well known directory 'Temp': 'C:\Users\hkam\build_display\actions-runner\_work\_temp'
[2023-03-02 08:55:38Z INFO ExecutionContext] Write event payload to C:\Users\hkam\build_display\actions-runner\_work\_temp\_github_workflow\event.json
[2023-03-02 08:55:38Z INFO HostContext] Well known directory 'Bin': 'C:\Users\hkam\build_display\actions-runner\bin'
[2023-03-02 08:55:38Z INFO HostContext] Well known directory 'Root': 'C:\Users\hkam\build_display\actions-runner'
[2023-03-02 08:55:38Z INFO HostContext] Well known directory 'Work': 'C:\Users\hkam\build_display\actions-runner\_work'
[2023-03-02 08:55:38Z INFO HostContext] Well known directory 'Temp': 'C:\Users\hkam\build_display\actions-runner\_work\_temp'
[2023-03-02 08:55:38Z INFO ExtensionManager] Getting extensions for interface: 'GitHub.Runner.Worker.IFileCommandExtension'
[2023-03-02 08:55:38Z INFO ExtensionManager] Creating instance: GitHub.Runner.Worker.AddPathFileCommand, Runner.Worker
[2023-03-02 08:55:38Z INFO ExtensionManager] Creating instance: GitHub.Runner.Worker.SetEnvFileCommand, Runner.Worker
[2023-03-02 08:55:38Z INFO ExtensionManager] Creating instance: GitHub.Runner.Worker.CreateStepSummaryCommand, Runner.Worker
[2023-03-02 08:55:38Z INFO ExtensionManager] Creating instance: GitHub.Runner.Worker.SaveStateFileCommand, Runner.Worker
[2023-03-02 08:55:38Z INFO ExtensionManager] Creating instance: GitHub.Runner.Worker.SetOutputFileCommand, Runner.Worker
[2023-03-02 08:55:38Z INFO ExtensionManager] Getting extensions for interface: 'GitHub.Runner.Worker.IActionCommandExtension'
[2023-03-02 08:55:38Z INFO ExtensionManager] Creating instance: GitHub.Runner.Worker.InternalPluginSetRepoPathCommandExtension, Runner.Worker
[2023-03-02 08:55:38Z INFO ExtensionManager] Creating instance: GitHub.Runner.Worker.SetEnvCommandExtension, Runner.Worker
[2023-03-02 08:55:38Z INFO ExtensionManager] Creating instance: GitHub.Runner.Worker.SetOutputCommandExtension, Runner.Worker
[2023-03-02 08:55:38Z INFO ExtensionManager] Creating instance: GitHub.Runner.Worker.SaveStateCommandExtension, Runner.Worker
[2023-03-02 08:55:38Z INFO ExtensionManager] Creating instance: GitHub.Runner.Worker.AddPathCommandExtension, Runner.Worker
[2023-03-02 08:55:38Z INFO ExtensionManager] Creating instance: GitHub.Runner.Worker.AddMaskCommandExtension, Runner.Worker
[2023-03-02 08:55:38Z INFO ExtensionManager] Creating instance: GitHub.Runner.Worker.AddMatcherCommandExtension, Runner.Worker
[2023-03-02 08:55:38Z INFO ExtensionManager] Creating instance: GitHub.Runner.Worker.RemoveMatcherCommandExtension, Runner.Worker
[2023-03-02 08:55:38Z INFO ExtensionManager] Creating instance: GitHub.Runner.Worker.WarningCommandExtension, Runner.Worker
[2023-03-02 08:55:38Z INFO ExtensionManager] Creating instance: GitHub.Runner.Worker.ErrorCommandExtension, Runner.Worker
[2023-03-02 08:55:38Z INFO ExtensionManager] Creating instance: GitHub.Runner.Worker.NoticeCommandExtension, Runner.Worker
[2023-03-02 08:55:38Z INFO ExtensionManager] Creating instance: GitHub.Runner.Worker.DebugCommandExtension, Runner.Worker
[2023-03-02 08:55:38Z INFO ExtensionManager] Creating instance: GitHub.Runner.Worker.GroupCommandExtension, Runner.Worker
[2023-03-02 08:55:38Z INFO ExtensionManager] Creating instance: GitHub.Runner.Worker.EndGroupCommandExtension, Runner.Worker
[2023-03-02 08:55:38Z INFO ExtensionManager] Creating instance: GitHub.Runner.Worker.EchoCommandExtension, Runner.Worker
[2023-03-02 08:55:38Z INFO ActionCommandManager] Register action command extension for command internal-set-repo-path
[2023-03-02 08:55:38Z INFO ActionCommandManager] Register action command extension for command set-env
[2023-03-02 08:55:38Z INFO ActionCommandManager] Register action command extension for command set-output
[2023-03-02 08:55:38Z INFO ActionCommandManager] Register action command extension for command save-state
[2023-03-02 08:55:38Z INFO ActionCommandManager] Register action command extension for command add-path
[2023-03-02 08:55:38Z INFO ActionCommandManager] Register action command extension for command add-mask
[2023-03-02 08:55:38Z INFO ActionCommandManager] Register action command extension for command add-matcher
[2023-03-02 08:55:38Z INFO ActionCommandManager] Register action command extension for command remove-matcher
[2023-03-02 08:55:38Z INFO ActionCommandManager] Register action command extension for command warning
[2023-03-02 08:55:38Z INFO ActionCommandManager] Register action command extension for command error
[2023-03-02 08:55:38Z INFO ActionCommandManager] Register action command extension for command notice
[2023-03-02 08:55:38Z INFO ActionCommandManager] Register action command extension for command debug
[2023-03-02 08:55:38Z INFO ActionCommandManager] Register action command extension for command group
[2023-03-02 08:55:38Z INFO ActionCommandManager] Register action command extension for command endgroup
[2023-03-02 08:55:38Z INFO ActionCommandManager] Register action command extension for command echo
[2023-03-02 08:55:38Z INFO ScriptHandler] Which: 'pwsh'
[2023-03-02 08:55:38Z INFO ScriptHandler] pwsh: command not found. Make sure 'pwsh' is installed and its location included in the 'Path' environment variable.
[2023-03-02 08:55:38Z INFO ScriptHandler] Defaulting to powershell
[2023-03-02 08:55:38Z INFO ScriptHandler] Which: 'powershell'
[2023-03-02 08:55:38Z INFO ScriptHandler] Location: 'C:\windows\System32\WindowsPowerShell\v1.0\powershell.EXE'
[2023-03-02 08:55:38Z INFO HostContext] Well known directory 'Bin': 'C:\Users\hkam\build_display\actions-runner\bin'
[2023-03-02 08:55:38Z INFO HostContext] Well known directory 'Root': 'C:\Users\hkam\build_display\actions-runner'
[2023-03-02 08:55:38Z INFO HostContext] Well known directory 'Work': 'C:\Users\hkam\build_display\actions-runner\_work'
[2023-03-02 08:55:38Z INFO HostContext] Well known directory 'Temp': 'C:\Users\hkam\build_display\actions-runner\_work\_temp'
[2023-03-02 08:55:38Z INFO ScriptHandler] Which: 'pwsh'
[2023-03-02 08:55:38Z INFO ScriptHandler] pwsh: command not found. Make sure 'pwsh' is installed and its location included in the 'Path' environment variable.
[2023-03-02 08:55:38Z INFO ScriptHandler] Defaulting to powershell
[2023-03-02 08:55:38Z INFO ScriptHandler] Which: 'powershell'
[2023-03-02 08:55:38Z INFO ScriptHandler] Location: 'C:\windows\System32\WindowsPowerShell\v1.0\powershell.EXE'
[2023-03-02 08:55:38Z INFO ProcessInvokerWrapper] Starting process:
[2023-03-02 08:55:38Z INFO ProcessInvokerWrapper]   File name: 'C:\windows\System32\WindowsPowerShell\v1.0\powershell.EXE'
[2023-03-02 08:55:38Z INFO ProcessInvokerWrapper]   Arguments: '-command ". 'C:\Users\hkam\build_display\actions-runner\_work\_temp\5979e5fc-0eb4-4e3a-86dd-c058ba2eb9b9.ps1'"'
[2023-03-02 08:55:38Z INFO ProcessInvokerWrapper]   Working directory: 'C:\Users\hkam\build_display\actions-runner\_work\dynamic_readme\dynamic_readme'
[2023-03-02 08:55:38Z INFO ProcessInvokerWrapper]   Require exit code zero: 'False'
[2023-03-02 08:55:38Z INFO ProcessInvokerWrapper]   Encoding web name:  ; code page: ''
[2023-03-02 08:55:38Z INFO ProcessInvokerWrapper]   Force kill process on cancellation: 'False'
[2023-03-02 08:55:38Z INFO ProcessInvokerWrapper]   Redirected STDIN: 'False'
[2023-03-02 08:55:38Z INFO ProcessInvokerWrapper]   Persist current code page: 'True'
[2023-03-02 08:55:38Z INFO ProcessInvokerWrapper]   Keep redirected STDIN open: 'False'
[2023-03-02 08:55:38Z INFO ProcessInvokerWrapper]   High priority process: 'False'
[2023-03-02 08:55:38Z INFO ProcessInvokerWrapper] Process started with process id 18964, waiting for process exit.
[2023-03-02 08:55:38Z INFO JobServerQueue] Try to append 1 batches web console lines for record '260f6c30-d269-4c46-80f0-5f4c9fad400a', success rate: 1/1.
[2023-03-02 08:55:38Z INFO JobServerQueue] Try to append 1 batches web console lines for record 'cf3c6f5b-f447-52dd-ca42-c8179236c374', success rate: 1/1.
[2023-03-02 08:55:38Z INFO ProcessInvokerWrapper] STDOUT/STDERR stream read finished.
[2023-03-02 08:55:38Z INFO ProcessInvokerWrapper] STDOUT/STDERR stream read finished.
[2023-03-02 08:55:38Z INFO ProcessInvokerWrapper] Finished process 18964 with exit code 0, and elapsed time 00:00:00.2967298.
[2023-03-02 08:55:38Z INFO CreateStepSummaryCommand] Step Summary file (C:\Users\hkam\build_display\actions-runner\_work\_temp\_runner_file_commands\step_summary_6a1a6d9f-870f-4006-861b-373e1977712b) is empty; skipping attachment upload
[2023-03-02 08:55:38Z INFO StepsRunner] Step result: 
[2023-03-02 08:55:38Z INFO ExecutionContext] Publish step telemetry for current step {
  "action": "powershell",
  "type": "run",
  "stage": "Main",
  "stepId": "cf3c6f5b-f447-52dd-ca42-c8179236c374",
  "stepContextName": "__run",
  "result": "succeeded",
  "errorMessages": [],
  "executionTimeInSeconds": 1,
  "startTime": "2023-03-02T08:55:38.1499566Z",
  "finishTime": "2023-03-02T08:55:38.5835016Z"
}.
[2023-03-02 08:55:38Z INFO StepsRunner] No need for updating job result with current step result 'Succeeded'.
[2023-03-02 08:55:38Z INFO StepsRunner] Current state: job state = ''
[2023-03-02 08:55:38Z INFO StepsRunner] Processing step: DisplayName='Upload artifact'
[2023-03-02 08:55:38Z INFO StepsRunner] Evaluating: success()
[2023-03-02 08:55:38Z INFO StepsRunner] Result: true
[2023-03-02 08:55:38Z INFO StepsRunner] Starting the step.
[2023-03-02 08:55:38Z INFO HostContext] Well known directory 'Bin': 'C:\Users\hkam\build_display\actions-runner\bin'
[2023-03-02 08:55:38Z INFO HostContext] Well known directory 'Root': 'C:\Users\hkam\build_display\actions-runner'
[2023-03-02 08:55:38Z INFO HostContext] Well known directory 'Work': 'C:\Users\hkam\build_display\actions-runner\_work'
[2023-03-02 08:55:38Z INFO StepsRunner] Which: 'chcp'
[2023-03-02 08:55:38Z INFO StepsRunner] Location: 'C:\windows\system32\chcp.COM'
[2023-03-02 08:55:38Z INFO ProcessInvokerWrapper] Starting process:
[2023-03-02 08:55:38Z INFO ProcessInvokerWrapper]   File name: 'C:\windows\system32\chcp.COM'
[2023-03-02 08:55:38Z INFO ProcessInvokerWrapper]   Arguments: '65001'
[2023-03-02 08:55:38Z INFO ProcessInvokerWrapper]   Working directory: 'C:\Users\hkam\build_display\actions-runner\_work'
[2023-03-02 08:55:38Z INFO ProcessInvokerWrapper]   Require exit code zero: 'False'
[2023-03-02 08:55:38Z INFO ProcessInvokerWrapper]   Encoding web name:  ; code page: ''
[2023-03-02 08:55:38Z INFO ProcessInvokerWrapper]   Force kill process on cancellation: 'False'
[2023-03-02 08:55:38Z INFO ProcessInvokerWrapper]   Redirected STDIN: 'False'
[2023-03-02 08:55:38Z INFO ProcessInvokerWrapper]   Persist current code page: 'True'
[2023-03-02 08:55:38Z INFO ProcessInvokerWrapper]   Keep redirected STDIN open: 'False'
[2023-03-02 08:55:38Z INFO ProcessInvokerWrapper]   High priority process: 'False'
[2023-03-02 08:55:38Z INFO ProcessInvokerWrapper] Process started with process id 13788, waiting for process exit.
[2023-03-02 08:55:38Z INFO ProcessInvokerWrapper] STDOUT/STDERR stream read finished.
[2023-03-02 08:55:38Z INFO ProcessInvokerWrapper] STDOUT/STDERR stream read finished.
[2023-03-02 08:55:38Z INFO ProcessInvokerWrapper] Finished process 13788 with exit code 0, and elapsed time 00:00:00.0322939.
[2023-03-02 08:55:38Z INFO StepsRunner] Successfully returned to code page 65001 (UTF8)
[2023-03-02 08:55:38Z INFO HostContext] Well known directory 'Bin': 'C:\Users\hkam\build_display\actions-runner\bin'
[2023-03-02 08:55:38Z INFO HostContext] Well known directory 'Root': 'C:\Users\hkam\build_display\actions-runner'
[2023-03-02 08:55:38Z INFO HostContext] Well known directory 'Work': 'C:\Users\hkam\build_display\actions-runner\_work'
[2023-03-02 08:55:38Z INFO HostContext] Well known directory 'Actions': 'C:\Users\hkam\build_display\actions-runner\_work\_actions'
[2023-03-02 08:55:38Z INFO ActionManager] Load action that reference repository from 'C:\Users\hkam\build_display\actions-runner\_work\_actions\actions\upload-artifact\v2'
[2023-03-02 08:55:38Z INFO HostContext] Well known directory 'Bin': 'C:\Users\hkam\build_display\actions-runner\bin'
[2023-03-02 08:55:38Z INFO HostContext] Well known directory 'Root': 'C:\Users\hkam\build_display\actions-runner'
[2023-03-02 08:55:38Z INFO HostContext] Well known directory 'Work': 'C:\Users\hkam\build_display\actions-runner\_work'
[2023-03-02 08:55:38Z INFO HostContext] Well known directory 'Actions': 'C:\Users\hkam\build_display\actions-runner\_work\_actions'
[2023-03-02 08:55:38Z INFO ActionManifestManager] Ignore action property author.
[2023-03-02 08:55:38Z INFO ActionManifestManager] Loaded action.yml file: {
  "name": "Upload a Build Artifact",
  "description": "Upload a build artifact that can be used by subsequent workflow steps",
  "inputs": {
    "type": 2,
    "map": [
      {
        "key": {
          "type": 0,
          "file": 2,
          "line": 5,
          "col": 3,
          "lit": "name"
        },
        "value": {
          "type": 0,
          "file": 2,
          "line": 7,
          "col": 14,
          "lit": "artifact"
        }
      },
      {
        "key": {
          "type": 0,
          "file": 2,
          "line": 8,
          "col": 3,
          "lit": "path"
        },
        "value": ""
      },
      {
        "key": {
          "type": 0,
          "file": 2,
          "line": 11,
          "col": 3,
          "lit": "if-no-files-found"
        },
        "value": {
          "type": 0,
          "file": 2,
          "line": 19,
          "col": 14,
          "lit": "warn"
        }
      },
      {
        "key": {
          "type": 0,
          "file": 2,
          "line": 20,
          "col": 3,
          "lit": "retention-days"
        },
        "value": ""
      }
    ]
  },
  "execution": {
    "executionType": "nodeJS",
    "hasPre": false,
    "hasPost": false,
    "script": "dist/index.js",
    "pre": null,
    "post": null,
    "nodeVersion": "node12",
    "cleanupCondition": "always()",
    "initCondition": "always()"
  },
  "deprecated": null
}
[2023-03-02 08:55:38Z INFO ActionManager] Action pre node.js file: N/A.
[2023-03-02 08:55:38Z INFO ActionManager] Action node.js file: dist/index.js.
[2023-03-02 08:55:38Z INFO ActionManager] Action post node.js file: N/A.
[2023-03-02 08:55:38Z INFO HostContext] Well known directory 'Bin': 'C:\Users\hkam\build_display\actions-runner\bin'
[2023-03-02 08:55:38Z INFO HostContext] Well known directory 'Root': 'C:\Users\hkam\build_display\actions-runner'
[2023-03-02 08:55:38Z INFO HostContext] Well known directory 'Work': 'C:\Users\hkam\build_display\actions-runner\_work'
[2023-03-02 08:55:38Z INFO HostContext] Well known directory 'Temp': 'C:\Users\hkam\build_display\actions-runner\_work\_temp'
[2023-03-02 08:55:38Z INFO ExecutionContext] Write event payload to C:\Users\hkam\build_display\actions-runner\_work\_temp\_github_workflow\event.json
[2023-03-02 08:55:38Z INFO HostContext] Well known directory 'Bin': 'C:\Users\hkam\build_display\actions-runner\bin'
[2023-03-02 08:55:38Z INFO HostContext] Well known directory 'Root': 'C:\Users\hkam\build_display\actions-runner'
[2023-03-02 08:55:38Z INFO HostContext] Well known directory 'Work': 'C:\Users\hkam\build_display\actions-runner\_work'
[2023-03-02 08:55:38Z INFO HostContext] Well known directory 'Temp': 'C:\Users\hkam\build_display\actions-runner\_work\_temp'
[2023-03-02 08:55:38Z INFO ExtensionManager] Getting extensions for interface: 'GitHub.Runner.Worker.IFileCommandExtension'
[2023-03-02 08:55:38Z INFO ActionManifestManager] Input 'if-no-files-found': default value evaluate result: {
  "type": 0,
  "file": 2,
  "line": 19,
  "col": 14,
  "lit": "warn"
}
[2023-03-02 08:55:38Z INFO ActionManifestManager] Input 'retention-days': default value evaluate result: ""
[2023-03-02 08:55:38Z INFO ExtensionManager] Getting extensions for interface: 'GitHub.Runner.Worker.IActionCommandExtension'
[2023-03-02 08:55:38Z INFO ActionCommandManager] Register action command extension for command internal-set-repo-path
[2023-03-02 08:55:38Z INFO ActionCommandManager] Register action command extension for command set-env
[2023-03-02 08:55:38Z INFO ActionCommandManager] Register action command extension for command set-output
[2023-03-02 08:55:38Z INFO ActionCommandManager] Register action command extension for command save-state
[2023-03-02 08:55:38Z INFO ActionCommandManager] Register action command extension for command add-path
[2023-03-02 08:55:38Z INFO ActionCommandManager] Register action command extension for command add-mask
[2023-03-02 08:55:38Z INFO ActionCommandManager] Register action command extension for command add-matcher
[2023-03-02 08:55:38Z INFO ActionCommandManager] Register action command extension for command remove-matcher
[2023-03-02 08:55:38Z INFO ActionCommandManager] Register action command extension for command warning
[2023-03-02 08:55:38Z INFO ActionCommandManager] Register action command extension for command error
[2023-03-02 08:55:38Z INFO ActionCommandManager] Register action command extension for command notice
[2023-03-02 08:55:38Z INFO ActionCommandManager] Register action command extension for command debug
[2023-03-02 08:55:38Z INFO ActionCommandManager] Register action command extension for command group
[2023-03-02 08:55:38Z INFO ActionCommandManager] Register action command extension for command endgroup
[2023-03-02 08:55:38Z INFO ActionCommandManager] Register action command extension for command echo
[2023-03-02 08:55:38Z INFO HostContext] Well known directory 'Bin': 'C:\Users\hkam\build_display\actions-runner\bin'
[2023-03-02 08:55:38Z INFO HostContext] Well known directory 'Root': 'C:\Users\hkam\build_display\actions-runner'
[2023-03-02 08:55:38Z INFO HostContext] Well known directory 'Externals': 'C:\Users\hkam\build_display\actions-runner\externals'
[2023-03-02 08:55:38Z INFO ProcessInvokerWrapper] Starting process:
[2023-03-02 08:55:38Z INFO ProcessInvokerWrapper]   File name: 'C:\Users\hkam\build_display\actions-runner\externals\node12\bin\node.exe'
[2023-03-02 08:55:38Z INFO ProcessInvokerWrapper]   Arguments: '"C:\Users\hkam\build_display\actions-runner\_work\_actions\actions\upload-artifact\v2\dist/index.js"'
[2023-03-02 08:55:38Z INFO ProcessInvokerWrapper]   Working directory: 'C:\Users\hkam\build_display\actions-runner\_work\dynamic_readme\dynamic_readme'
[2023-03-02 08:55:38Z INFO ProcessInvokerWrapper]   Require exit code zero: 'False'
[2023-03-02 08:55:38Z INFO ProcessInvokerWrapper]   Encoding web name: utf-8 ; code page: '65001'
[2023-03-02 08:55:38Z INFO ProcessInvokerWrapper]   Force kill process on cancellation: 'False'
[2023-03-02 08:55:38Z INFO ProcessInvokerWrapper]   Redirected STDIN: 'False'
[2023-03-02 08:55:38Z INFO ProcessInvokerWrapper]   Persist current code page: 'True'
[2023-03-02 08:55:38Z INFO ProcessInvokerWrapper]   Keep redirected STDIN open: 'False'
[2023-03-02 08:55:38Z INFO ProcessInvokerWrapper]   High priority process: 'False'
[2023-03-02 08:55:38Z INFO ProcessInvokerWrapper] Process started with process id 8232, waiting for process exit.
[2023-03-02 08:55:38Z INFO ProcessInvokerWrapper] STDOUT/STDERR stream read finished.
[2023-03-02 08:55:38Z INFO ProcessInvokerWrapper] STDOUT/STDERR stream read finished.
[2023-03-02 08:55:38Z INFO ProcessInvokerWrapper] Finished process 8232 with exit code 0, and elapsed time 00:00:00.1363169.
[2023-03-02 08:55:38Z INFO CreateStepSummaryCommand] Step Summary file (C:\Users\hkam\build_display\actions-runner\_work\_temp\_runner_file_commands\step_summary_a7da0b96-8c92-4b4c-b07b-5bdbe6f21639) is empty; skipping attachment upload
[2023-03-02 08:55:38Z INFO StepsRunner] Step result: 
[2023-03-02 08:55:38Z INFO ExecutionContext] Publish step telemetry for current step {
  "action": "actions/upload-artifact",
  "ref": "v2",
  "type": "node12",
  "stage": "Main",
  "stepId": "03601c75-e45f-5c1e-e78c-fdb2f450b03e",
  "stepContextName": "__actions_upload-artifact",
  "hasPreStep": false,
  "hasPostStep": false,
  "result": "succeeded",
  "errorMessages": [
    "No files were found with the provided path: src/timestamp.txt. No artifacts will be uploaded."
  ],
  "executionTimeInSeconds": 1,
  "startTime": "2023-03-02T08:55:38.5918045Z",
  "finishTime": "2023-03-02T08:55:38.7830604Z"
}.
[2023-03-02 08:55:38Z INFO StepsRunner] No need for updating job result with current step result 'Succeeded'.
[2023-03-02 08:55:38Z INFO StepsRunner] Current state: job state = ''
[2023-03-02 08:55:38Z INFO JobRunner] Finalize job.
[2023-03-02 08:55:38Z INFO HostContext] Well known directory 'Bin': 'C:\Users\hkam\build_display\actions-runner\bin'
[2023-03-02 08:55:38Z INFO HostContext] Well known directory 'Root': 'C:\Users\hkam\build_display\actions-runner'
[2023-03-02 08:55:38Z INFO HostContext] Well known directory 'Diag': 'C:\Users\hkam\build_display\actions-runner\_diag'
[2023-03-02 08:55:38Z INFO JobExtension] Initialize Env context
[2023-03-02 08:55:38Z INFO JobExtension] Initialize steps context
[2023-03-02 08:55:38Z INFO JobExtension] Total accessible running process: 274.
[2023-03-02 08:55:38Z INFO ExecutionContext] Publish step telemetry for current step {
  "action": "complete_job",
  "type": "runner",
  "stage": "Post",
  "stepId": "dac6d3c0-f7c9-402b-a3ff-3d00a4bc3e72",
  "result": "succeeded",
  "errorMessages": [],
  "executionTimeInSeconds": 1,
  "startTime": "2023-03-02T08:55:38.7915095Z",
  "finishTime": "2023-03-02T08:55:38.7966062Z"
}.
[2023-03-02 08:55:38Z INFO JobRunner] Job result after all job steps finish: Succeeded
[2023-03-02 08:55:38Z INFO JobRunner] Completing the job execution context.
[2023-03-02 08:55:38Z INFO JobRunner] Shutting down the job server queue.
[2023-03-02 08:55:38Z INFO JobServerQueue] Fire signal to shutdown all queues.
[2023-03-02 08:55:38Z INFO JobServerQueue] Try to upload 1 log files or attachments, success rate: 1/1.
[2023-03-02 08:55:39Z INFO JobServerQueue] All queue process task stopped.
[2023-03-02 08:55:39Z INFO JobServerQueue] Try to append 1 batches web console lines for record '03601c75-e45f-5c1e-e78c-fdb2f450b03e', success rate: 1/1.
[2023-03-02 08:55:39Z INFO JobServerQueue] Try to append 1 batches web console lines for record 'dac6d3c0-f7c9-402b-a3ff-3d00a4bc3e72', success rate: 1/1.
[2023-03-02 08:55:39Z INFO JobServerQueue] Try to append 1 batches web console lines for record '24e7ee36-8e59-5ffc-471a-a16683a727d4', success rate: 1/1.
[2023-03-02 08:55:39Z INFO JobServerQueue] Web console line queue drained.
[2023-03-02 08:55:39Z INFO JobServerQueue] Uploading 4 files in one shot.
[2023-03-02 08:55:42Z INFO JobServerQueue] Try to upload 4 log files or attachments, success rate: 4/4.
[2023-03-02 08:55:42Z INFO JobServerQueue] File upload queue drained.
[2023-03-02 08:55:42Z INFO JobServerQueue] Starting results-based upload queue...
[2023-03-02 08:55:42Z INFO JobServerQueue] Results summary upload queue drained.
[2023-03-02 08:55:42Z INFO JobServerQueue] Timeline update queue drained.
[2023-03-02 08:55:42Z INFO JobServerQueue] Disposing job server ...
[2023-03-02 08:55:42Z INFO JobServerQueue] All queue process tasks have been stopped, and all queues are drained.
[2023-03-02 08:55:42Z INFO TempDirectoryManager] Cleaning runner temp folder: C:\Users\hkam\build_display\actions-runner\_work\_temp
[2023-03-02 08:55:42Z INFO HostContext] Well known directory 'Bin': 'C:\Users\hkam\build_display\actions-runner\bin'
[2023-03-02 08:55:42Z INFO HostContext] Well known directory 'Root': 'C:\Users\hkam\build_display\actions-runner'
[2023-03-02 08:55:42Z INFO HostContext] Well known directory 'Diag': 'C:\Users\hkam\build_display\actions-runner\_diag'
[2023-03-02 08:55:42Z INFO HostContext] Well known config file 'Telemetry': 'C:\Users\hkam\build_display\actions-runner\_diag\.telemetry'
[2023-03-02 08:55:42Z INFO JobRunner] Raising job completed event
[2023-03-02 08:55:42Z INFO Worker] Job completed.
